── Attaching packages ─────────────────────────────────────── tidyverse 1.3.0 ──
✔ ggplot2 3.3.1     ✔ purrr   0.3.4
✔ tibble  3.0.1     ✔ dplyr   1.0.0
✔ tidyr   1.1.0     ✔ stringr 1.4.0
✔ readr   1.3.1     ✔ forcats 0.5.0
── Conflicts ────────────────────────────────────────── tidyverse_conflicts() ──
✖ dplyr::filter() masks stats::filter()
✖ dplyr::lag()    masks stats::lag()

Attaching package: ‘googledrive’

The following objects are masked from ‘package:googlesheets4’:

    request_generate, request_make

Loading required package: xml2

Attaching package: ‘rvest’

The following object is masked from ‘package:purrr’:

    pluck

The following object is masked from ‘package:readr’:

    guess_encoding

Warning message:
The following named parsers don't match the column names: F/NF 
Auto-refreshing stale OAuth token.
Error: Not found: Dataset gaeas-cradle:ck_velocity [notFound] 
Backtrace:
    █
 1. └─bigrquery::bq_table_upload(...)
 2.   └─bigrquery::bq_perform_upload(x, values, ...)
 3.     └─bigrquery:::bq_upload(...)
 4.       └─bigrquery:::process_request(req)
 5.         └─bigrquery:::bq_check_response(status, type, content)
 6.           └─bigrquery:::signal_reason(json$error$errors[[1L]]$reason, json$error$message)
Execution halted
