── Attaching packages ─────────────────────────────────────── tidyverse 1.3.0 ──
✔ ggplot2 3.3.2     ✔ purrr   0.3.4
✔ tibble  3.0.3     ✔ dplyr   1.0.2
✔ tidyr   1.1.0     ✔ stringr 1.4.0
✔ readr   1.3.1     ✔ forcats 0.5.0
── Conflicts ────────────────────────────────────────── tidyverse_conflicts() ──
✖ dplyr::filter() masks stats::filter()
✖ dplyr::lag()    masks stats::lag()
Loading required package: usethis

Attaching package: ‘googledrive’

The following objects are masked from ‘package:googlesheets4’:

    request_generate, request_make

Registered S3 method overwritten by 'googlesheets':
  method           from       
  print.drive_user googledrive

Attaching package: ‘gargle’

The following object is masked from ‘package:googledrive’:

    request_make

The following object is masked from ‘package:googlesheets4’:

    request_make

Loading required package: DBI
Parsed with column specification:
cols(
  Standardized = col_character(),
  CK = col_character()
)
Warning: 56431 parsing failures.
 row    col               expected actual                                                        file
1214 number no trailing characters      † '/home/cujo253/Essential_Referential_CSVS/C20_Addition.csv'
1651 number no trailing characters      † '/home/cujo253/Essential_Referential_CSVS/C20_Addition.csv'
1695 number no trailing characters      † '/home/cujo253/Essential_Referential_CSVS/C20_Addition.csv'
1701 number no trailing characters      † '/home/cujo253/Essential_Referential_CSVS/C20_Addition.csv'
1753 number no trailing characters      † '/home/cujo253/Essential_Referential_CSVS/C20_Addition.csv'
.... ...... ...................... ...... ...........................................................
See problems(...) for more details.

Error: Job 'gaeas-cradle.job_wx8I7SZ_43eS1jHMiX0WryhPRPlg.US' failed
✖ gaeas-cradle:buylist_growth.2020_08_23* does not match any table. [invalid]
Backtrace:
    █
 1. ├─dbSendQuery(con, statement = statement) %>% dbFetch(n = -1)
 2. │ └─base::eval(lhs, parent, parent)
 3. │   └─base::eval(lhs, parent, parent)
 4. ├─DBI::dbSendQuery(con, statement = statement)
 5. └─bigrquery::dbSendQuery(con, statement = statement)
 6.   └─bigrquery:::BigQueryResult(conn, statement, ...)
 7.     └─bigrquery::bq_job_wait(job, quiet = conn@quiet)
Execution halted
── Attaching packages ─────────────────────────────────────── tidyverse 1.3.0 ──
✔ ggplot2 3.3.2     ✔ purrr   0.3.4
✔ tibble  3.0.3     ✔ dplyr   1.0.2
✔ tidyr   1.1.0     ✔ stringr 1.4.0
✔ readr   1.3.1     ✔ forcats 0.5.0
── Conflicts ────────────────────────────────────────── tidyverse_conflicts() ──
✖ dplyr::filter() masks stats::filter()
✖ dplyr::lag()    masks stats::lag()
Loading required package: usethis

Attaching package: ‘googledrive’

The following objects are masked from ‘package:googlesheets4’:

    request_generate, request_make

Registered S3 method overwritten by 'googlesheets':
  method           from       
  print.drive_user googledrive

Attaching package: ‘gargle’

The following object is masked from ‘package:googledrive’:

    request_make

The following object is masked from ‘package:googlesheets4’:

    request_make

Loading required package: DBI

Attaching package: ‘jsonlite’

The following object is masked from ‘package:purrr’:

    flatten

Parsed with column specification:
cols(
  Standardized = col_character(),
  CK = col_character()
)
Warning: 56431 parsing failures.
 row    col               expected actual                                                        file
1214 number no trailing characters      † '/home/cujo253/Essential_Referential_CSVS/C20_Addition.csv'
1651 number no trailing characters      † '/home/cujo253/Essential_Referential_CSVS/C20_Addition.csv'
1695 number no trailing characters      † '/home/cujo253/Essential_Referential_CSVS/C20_Addition.csv'
1701 number no trailing characters      † '/home/cujo253/Essential_Referential_CSVS/C20_Addition.csv'
1753 number no trailing characters      † '/home/cujo253/Essential_Referential_CSVS/C20_Addition.csv'
.... ...... ...................... ...... ...........................................................
See problems(...) for more details.

Auto-refreshing stale OAuth token.
Error: Job 'gaeas-cradle.job_XWPdE1F6NkwemoB6NC5-bG2Cw8DB.US' failed
✖ gaeas-cradle:buylist_growth.2020_08_24* does not match any table. [invalid]
Backtrace:
    █
 1. ├─dbSendQuery(con, statement = statement) %>% dbFetch(n = -1)
 2. │ └─base::eval(lhs, parent, parent)
 3. │   └─base::eval(lhs, parent, parent)
 4. ├─DBI::dbSendQuery(con, statement = statement)
 5. └─bigrquery::dbSendQuery(con, statement = statement)
 6.   └─bigrquery:::BigQueryResult(conn, statement, ...)
 7.     └─bigrquery::bq_job_wait(job, quiet = conn@quiet)
Execution halted
── Attaching packages ─────────────────────────────────────── tidyverse 1.3.0 ──
✔ ggplot2 3.3.2     ✔ purrr   0.3.4
✔ tibble  3.0.3     ✔ dplyr   1.0.2
✔ tidyr   1.1.0     ✔ stringr 1.4.0
✔ readr   1.3.1     ✔ forcats 0.5.0
── Conflicts ────────────────────────────────────────── tidyverse_conflicts() ──
✖ dplyr::filter() masks stats::filter()
✖ dplyr::lag()    masks stats::lag()
Loading required package: usethis

Attaching package: ‘googledrive’

The following objects are masked from ‘package:googlesheets4’:

    request_generate, request_make

Registered S3 method overwritten by 'googlesheets':
  method           from       
  print.drive_user googledrive

Attaching package: ‘gargle’

The following object is masked from ‘package:googledrive’:

    request_make

The following object is masked from ‘package:googlesheets4’:

    request_make

Loading required package: DBI

Attaching package: ‘jsonlite’

The following object is masked from ‘package:purrr’:

    flatten

Parsed with column specification:
cols(
  Standardized = col_character(),
  CK = col_character()
)
Warning: 56431 parsing failures.
 row    col               expected actual                                                        file
1214 number no trailing characters      † '/home/cujo253/Essential_Referential_CSVS/C20_Addition.csv'
1651 number no trailing characters      † '/home/cujo253/Essential_Referential_CSVS/C20_Addition.csv'
1695 number no trailing characters      † '/home/cujo253/Essential_Referential_CSVS/C20_Addition.csv'
1701 number no trailing characters      † '/home/cujo253/Essential_Referential_CSVS/C20_Addition.csv'
1753 number no trailing characters      † '/home/cujo253/Essential_Referential_CSVS/C20_Addition.csv'
.... ...... ...................... ...... ...........................................................
See problems(...) for more details.

Auto-refreshing stale OAuth token.
Error: Job 'gaeas-cradle.job_Zzcq9mV3x5FGycrtR3-KaWkatN6U.US' failed
✖ gaeas-cradle:buylist_growth.2020_08_25* does not match any table. [invalid]
Backtrace:
    █
 1. ├─dbSendQuery(con, statement = statement) %>% dbFetch(n = -1)
 2. │ └─base::eval(lhs, parent, parent)
 3. │   └─base::eval(lhs, parent, parent)
 4. ├─DBI::dbSendQuery(con, statement = statement)
 5. └─bigrquery::dbSendQuery(con, statement = statement)
 6.   └─bigrquery:::BigQueryResult(conn, statement, ...)
 7.     └─bigrquery::bq_job_wait(job, quiet = conn@quiet)
Execution halted
── Attaching packages ─────────────────────────────────────── tidyverse 1.3.0 ──
✔ ggplot2 3.3.2     ✔ purrr   0.3.4
✔ tibble  3.0.3     ✔ dplyr   1.0.2
✔ tidyr   1.1.0     ✔ stringr 1.4.0
✔ readr   1.3.1     ✔ forcats 0.5.0
── Conflicts ────────────────────────────────────────── tidyverse_conflicts() ──
✖ dplyr::filter() masks stats::filter()
✖ dplyr::lag()    masks stats::lag()
Loading required package: usethis

Attaching package: ‘googledrive’

The following objects are masked from ‘package:googlesheets4’:

    request_generate, request_make

Registered S3 method overwritten by 'googlesheets':
  method           from       
  print.drive_user googledrive

Attaching package: ‘gargle’

The following object is masked from ‘package:googledrive’:

    request_make

The following object is masked from ‘package:googlesheets4’:

    request_make

Loading required package: DBI

Attaching package: ‘jsonlite’

The following object is masked from ‘package:purrr’:

    flatten

Parsed with column specification:
cols(
  Standardized = col_character(),
  CK = col_character()
)
Warning: 56431 parsing failures.
 row    col               expected actual                                                        file
1214 number no trailing characters      † '/home/cujo253/Essential_Referential_CSVS/C20_Addition.csv'
1651 number no trailing characters      † '/home/cujo253/Essential_Referential_CSVS/C20_Addition.csv'
1695 number no trailing characters      † '/home/cujo253/Essential_Referential_CSVS/C20_Addition.csv'
1701 number no trailing characters      † '/home/cujo253/Essential_Referential_CSVS/C20_Addition.csv'
1753 number no trailing characters      † '/home/cujo253/Essential_Referential_CSVS/C20_Addition.csv'
.... ...... ...................... ...... ...........................................................
See problems(...) for more details.

Auto-refreshing stale OAuth token.
Writing to "Three_Day_Lag"
Writing to sheet "Premium"
Writing to "Three_Day_Lag"
Writing to sheet "Funny_Money"
Writing to "Three_Day_Lag"
Writing to sheet "Buylist"
Writing to "Three_Day_Lag"
Writing to sheet "Demand"
Writing to "Three_Day_Lag"
Writing to sheet "Vendor"
Writing to "Three_Day_Lag"
Writing to sheet "KPI_Master"
Writing to "Three_Day_Lag"
Writing to sheet "CK_Velocity"
[1] "bl_forecast_perform"     "bl_growth_forecast"     
[3] "buylist_levels"          "top_25"                 
[5] "vendor_decline_forecast" "vendor_forecast_perform"
[7] "vendor_levels"          
$host
[1] "157.245.255.185"

$user
[1] "remote"

$dbname
[1] "three_day_newspaper"

$conType
[1] "157.245.255.185 via TCP/IP"

$serverVersion
[1] "8.0.21-0ubuntu0.20.04.4"

$protocolVersion
[1] 10

$threadId
[1] 891

$rsId
list()

Reading from "Three_Day_Lag"
Range "'KPI_Master'"
Error: Problem with `mutate()` input `Ranking`.
✖ object 'KPI_Table' not found
ℹ Input `Ranking` is `seq(nrow(KPI_Table))`.
Backtrace:
     █
  1. ├─`%>%`(...)
  2. │ ├─base::withVisible(eval(quote(`_fseq`(`_lhs`)), env, env))
  3. │ └─base::eval(quote(`_fseq`(`_lhs`)), env, env)
  4. │   └─base::eval(quote(`_fseq`(`_lhs`)), env, env)
  5. │     └─`_fseq`(`_lhs`)
  6. │       └─magrittr::freduce(value, `_function_list`)
  7. │         └─function_list[[i]](value)
  8. │           ├─dplyr::mutate(...)
  9. │           └─dplyr:::mutate.data.frame(...)
 10. │             └─dplyr:::mutate_cols(.data, ...)
 11. │               ├─base::withCallingHandlers(...)
 12. │               └─mask$eval_all_mutate(dots[[i]])
 13. ├─base::seq(nrow(KPI_Table))
 14. ├─base::nrow(KPI_Table)
 15. └─base::.handleSimpleError(...)
 16.   └─dplyr:::h(simpleError(msg, call))
Execution halted
── Attaching packages ─────────────────────────────────────── tidyverse 1.3.0 ──
✔ ggplot2 3.3.2     ✔ purrr   0.3.4
✔ tibble  3.0.3     ✔ dplyr   1.0.2
✔ tidyr   1.1.0     ✔ stringr 1.4.0
✔ readr   1.3.1     ✔ forcats 0.5.0
── Conflicts ────────────────────────────────────────── tidyverse_conflicts() ──
✖ dplyr::filter() masks stats::filter()
✖ dplyr::lag()    masks stats::lag()
Loading required package: usethis

Attaching package: ‘googledrive’

The following objects are masked from ‘package:googlesheets4’:

    request_generate, request_make

Registered S3 method overwritten by 'googlesheets':
  method           from       
  print.drive_user googledrive

Attaching package: ‘gargle’

The following object is masked from ‘package:googledrive’:

    request_make

The following object is masked from ‘package:googlesheets4’:

    request_make

Loading required package: DBI

Attaching package: ‘jsonlite’

The following object is masked from ‘package:purrr’:

    flatten

Parsed with column specification:
cols(
  Standardized = col_character(),
  CK = col_character()
)
Warning: 56431 parsing failures.
 row    col               expected actual                                                        file
1214 number no trailing characters      † '/home/cujo253/Essential_Referential_CSVS/C20_Addition.csv'
1651 number no trailing characters      † '/home/cujo253/Essential_Referential_CSVS/C20_Addition.csv'
1695 number no trailing characters      † '/home/cujo253/Essential_Referential_CSVS/C20_Addition.csv'
1701 number no trailing characters      † '/home/cujo253/Essential_Referential_CSVS/C20_Addition.csv'
1753 number no trailing characters      † '/home/cujo253/Essential_Referential_CSVS/C20_Addition.csv'
.... ...... ...................... ...... ...........................................................
See problems(...) for more details.

Writing to "Three_Day_Lag"
Writing to sheet "Premium"
Writing to "Three_Day_Lag"
Writing to sheet "Funny_Money"
Writing to "Three_Day_Lag"
Writing to sheet "Buylist"
Writing to "Three_Day_Lag"
Writing to sheet "Demand"
Writing to "Three_Day_Lag"
Writing to sheet "Vendor"
Writing to "Three_Day_Lag"
Writing to sheet "KPI_Master"
Writing to "Three_Day_Lag"
Writing to sheet "CK_Velocity"
[1] "bl_forecast_perform"     "bl_growth_forecast"     
[3] "buylist_levels"          "top_25"                 
[5] "vendor_decline_forecast" "vendor_forecast_perform"
[7] "vendor_levels"          
$host
[1] "157.245.255.185"

$user
[1] "remote"

$dbname
[1] "three_day_newspaper"

$conType
[1] "157.245.255.185 via TCP/IP"

$serverVersion
[1] "8.0.21-0ubuntu0.20.04.4"

$protocolVersion
[1] 10

$threadId
[1] 917

$rsId
list()

Reading from "Three_Day_Lag"
Range "'KPI_Master'"
Error: Problem with `mutate()` input `Ranking`.
✖ object 'KPI_Table' not found
ℹ Input `Ranking` is `seq(nrow(KPI_Table))`.
Backtrace:
     █
  1. ├─`%>%`(...)
  2. │ ├─base::withVisible(eval(quote(`_fseq`(`_lhs`)), env, env))
  3. │ └─base::eval(quote(`_fseq`(`_lhs`)), env, env)
  4. │   └─base::eval(quote(`_fseq`(`_lhs`)), env, env)
  5. │     └─`_fseq`(`_lhs`)
  6. │       └─magrittr::freduce(value, `_function_list`)
  7. │         └─function_list[[i]](value)
  8. │           ├─dplyr::mutate(...)
  9. │           └─dplyr:::mutate.data.frame(...)
 10. │             └─dplyr:::mutate_cols(.data, ...)
 11. │               ├─base::withCallingHandlers(...)
 12. │               └─mask$eval_all_mutate(dots[[i]])
 13. ├─base::seq(nrow(KPI_Table))
 14. ├─base::nrow(KPI_Table)
 15. └─base::.handleSimpleError(...)
 16.   └─dplyr:::h(simpleError(msg, call))
Execution halted
── Attaching packages ─────────────────────────────────────── tidyverse 1.3.0 ──
✔ ggplot2 3.3.2     ✔ purrr   0.3.4
✔ tibble  3.0.3     ✔ dplyr   1.0.2
✔ tidyr   1.1.0     ✔ stringr 1.4.0
✔ readr   1.3.1     ✔ forcats 0.5.0
── Conflicts ────────────────────────────────────────── tidyverse_conflicts() ──
✖ dplyr::filter() masks stats::filter()
✖ dplyr::lag()    masks stats::lag()
Loading required package: usethis

Attaching package: ‘googledrive’

The following objects are masked from ‘package:googlesheets4’:

    request_generate, request_make

Registered S3 method overwritten by 'googlesheets':
  method           from       
  print.drive_user googledrive

Attaching package: ‘gargle’

The following object is masked from ‘package:googledrive’:

    request_make

The following object is masked from ‘package:googlesheets4’:

    request_make

Loading required package: DBI

Attaching package: ‘jsonlite’

The following object is masked from ‘package:purrr’:

    flatten

Parsed with column specification:
cols(
  Standardized = col_character(),
  CK = col_character()
)
Warning: 56431 parsing failures.
 row    col               expected actual                                                        file
1214 number no trailing characters      † '/home/cujo253/Essential_Referential_CSVS/C20_Addition.csv'
1651 number no trailing characters      † '/home/cujo253/Essential_Referential_CSVS/C20_Addition.csv'
1695 number no trailing characters      † '/home/cujo253/Essential_Referential_CSVS/C20_Addition.csv'
1701 number no trailing characters      † '/home/cujo253/Essential_Referential_CSVS/C20_Addition.csv'
1753 number no trailing characters      † '/home/cujo253/Essential_Referential_CSVS/C20_Addition.csv'
.... ...... ...................... ...... ...........................................................
See problems(...) for more details.

Auto-refreshing stale OAuth token.
Auto-refreshing stale OAuth token.
Writing to "Three_Day_Lag"
Writing to sheet "Premium"
Writing to "Three_Day_Lag"
Writing to sheet "Funny_Money"
Writing to "Three_Day_Lag"
Writing to sheet "Buylist"
Writing to "Three_Day_Lag"
Writing to sheet "Demand"
Writing to "Three_Day_Lag"
Writing to sheet "Vendor"
Writing to "Three_Day_Lag"
Writing to sheet "KPI_Master"
Writing to "Three_Day_Lag"
Writing to sheet "CK_Velocity"
[1] "bl_forecast_perform"     "bl_growth_forecast"     
[3] "buylist_levels"          "top_25"                 
[5] "vendor_decline_forecast" "vendor_forecast_perform"
[7] "vendor_levels"          
$host
[1] "157.245.255.185"

$user
[1] "remote"

$dbname
[1] "three_day_newspaper"

$conType
[1] "157.245.255.185 via TCP/IP"

$serverVersion
[1] "8.0.21-0ubuntu0.20.04.4"

$protocolVersion
[1] 10

$threadId
[1] 957

$rsId
list()

Reading from "Three_Day_Lag"
Range "'KPI_Master'"
Error: Problem with `mutate()` input `Ranking`.
✖ object 'KPI_Table' not found
ℹ Input `Ranking` is `seq(nrow(KPI_Table))`.
Backtrace:
     █
  1. ├─`%>%`(...)
  2. │ ├─base::withVisible(eval(quote(`_fseq`(`_lhs`)), env, env))
  3. │ └─base::eval(quote(`_fseq`(`_lhs`)), env, env)
  4. │   └─base::eval(quote(`_fseq`(`_lhs`)), env, env)
  5. │     └─`_fseq`(`_lhs`)
  6. │       └─magrittr::freduce(value, `_function_list`)
  7. │         └─function_list[[i]](value)
  8. │           ├─dplyr::mutate(...)
  9. │           └─dplyr:::mutate.data.frame(...)
 10. │             └─dplyr:::mutate_cols(.data, ...)
 11. │               ├─base::withCallingHandlers(...)
 12. │               └─mask$eval_all_mutate(dots[[i]])
 13. ├─base::seq(nrow(KPI_Table))
 14. ├─base::nrow(KPI_Table)
 15. └─base::.handleSimpleError(...)
 16.   └─dplyr:::h(simpleError(msg, call))
Execution halted
