Installing package into ‘/home/cujo253/R/x86_64-pc-linux-gnu-library/3.6’
(as ‘lib’ is unspecified)
trying URL 'https://cloud.r-project.org/src/contrib/tidyverse_1.3.0.tar.gz'
Content type 'application/x-gzip' length 712837 bytes (696 KB)
==================================================
downloaded 696 KB

* installing *source* package ‘tidyverse’ ...
** package ‘tidyverse’ successfully unpacked and MD5 sums checked
** using staged installation
** R
** inst
** byte-compile and prepare package for lazy loading
** help
*** installing help indices
*** copying figures
** building package indices
** installing vignettes
** testing if installed package can be loaded from temporary location
** testing if installed package can be loaded from final location
** testing if installed package keeps a record of temporary installation path
* DONE (tidyverse)

The downloaded source packages are in
	‘/tmp/RtmpYMqz90/downloaded_packages’
Installing package into ‘/home/cujo253/R/x86_64-pc-linux-gnu-library/3.6’
(as ‘lib’ is unspecified)
trying URL 'https://cloud.r-project.org/src/contrib/rvest_0.3.5.tar.gz'
Content type 'application/x-gzip' length 1129355 bytes (1.1 MB)
==================================================
downloaded 1.1 MB

* installing *source* package ‘rvest’ ...
** package ‘rvest’ successfully unpacked and MD5 sums checked
** using staged installation
** R
** demo
** inst
** byte-compile and prepare package for lazy loading
** help
*** installing help indices
*** copying figures
** building package indices
** installing vignettes
** testing if installed package can be loaded from temporary location
** testing if installed package can be loaded from final location
** testing if installed package keeps a record of temporary installation path
* DONE (rvest)

The downloaded source packages are in
	‘/tmp/RtmpYMqz90/downloaded_packages’
Installing package into ‘/home/cujo253/R/x86_64-pc-linux-gnu-library/3.6’
(as ‘lib’ is unspecified)
trying URL 'https://cloud.r-project.org/src/contrib/assertthat_0.2.1.tar.gz'
Content type 'application/x-gzip' length 12742 bytes (12 KB)
==================================================
downloaded 12 KB

* installing *source* package ‘assertthat’ ...
** package ‘assertthat’ successfully unpacked and MD5 sums checked
** using staged installation
** R
** byte-compile and prepare package for lazy loading
** help
*** installing help indices
** building package indices
** testing if installed package can be loaded from temporary location
** testing if installed package can be loaded from final location
** testing if installed package keeps a record of temporary installation path
* DONE (assertthat)

The downloaded source packages are in
	‘/tmp/RtmpYMqz90/downloaded_packages’
── Attaching packages ─────────────────────────────────────── tidyverse 1.3.0 ──
✔ ggplot2 3.3.1     ✔ purrr   0.3.4
✔ tibble  3.0.1     ✔ dplyr   1.0.0
✔ tidyr   1.1.0     ✔ stringr 1.4.0
✔ readr   1.3.1     ✔ forcats 0.5.0
── Conflicts ────────────────────────────────────────── tidyverse_conflicts() ──
✖ dplyr::filter() masks stats::filter()
✖ dplyr::lag()    masks stats::lag()
Loading required package: xml2

Attaching package: ‘rvest’

The following object is masked from ‘package:purrr’:

    pluck

The following object is masked from ‘package:readr’:

    guess_encoding


Attaching package: ‘assertthat’

The following object is masked from ‘package:tibble’:

    has_name

Loading required package: usethis

Attaching package: ‘googledrive’

The following objects are masked from ‘package:googlesheets4’:

    request_generate, request_make


Attaching package: ‘gargle’

The following object is masked from ‘package:googledrive’:

    request_make

The following object is masked from ‘package:googlesheets4’:

    request_make

[1] "No Results Were Found"
[1] "No Standard Leagues Release Today"
[1] "No Results Were Found"
[1] "No Pioneer Leagues Release Today"
[1] "No Results Were Found"
[1] "No Modern Leagues Release Today"
Auto-refreshing stale OAuth token.
Writing to "Decklists"
Writing to sheet "Legacy_League"
[1] "No Results Were Found"
[1] "No Vintage Leagues Release Today"
[1] "No Results Were Found"
[1] "No Pauper Leagues Release Today"
[1] "No Results Were Found"
[1] "No Standard Preliminarys Release Today"
[1] "No Results Were Found"
[1] "No Pioneer Preliminarys Release Today"
[1] "No Results Were Found"
[1] "No Modern Preliminarys Release Today"
[1] "No Results Were Found"
[1] "No Legacy Preliminarys Release Today"
[1] "No Results Were Found"
[1] "No Vintage Preliminarys Release Today"
[1] "No Results Were Found"
[1] "No Pauper Preliminarys Release Today"
[1] "No Results Were Found"
[1] "No Standard Events Release Today"
[1] "No Results Were Found"
[1] "No Pioneer Events Release Today"
[1] "No Results Were Found"
[1] "No Modern Events Release Today"
[1] "No Results Were Found"
[1] "No Legacy Events Release Today"
[1] "No Results Were Found"
[1] "No Vintage Events Release Today"
[1] "No Results Were Found"
[1] "No Pauper Events Release Today"
[1] "No Results Were Found"
[1] "No Standard Challenges Release Today"
[1] "No Results Were Found"
[1] "No Pioneer Challenges Release Today"
[1] "No Results Were Found"
[1] "No Modern Challenges Release Today"
[1] "No Results Were Found"
[1] "No Legacy Challenges Release Today"
[1] "No Results Were Found"
[1] "No Vintage Challenges Release Today"
[1] "No Results Were Found"
[1] "No Pauper Challenges Release Today"
