Installing packages into ‘/home/cujo253/R/x86_64-pc-linux-gnu-library/3.6’
(as ‘lib’ is unspecified)
trying URL 'https://cloud.r-project.org/src/contrib/rvest_0.3.5.tar.gz'
Content type 'application/x-gzip' length 1129355 bytes (1.1 MB)
==================================================
downloaded 1.1 MB

trying URL 'https://cloud.r-project.org/src/contrib/tidyverse_1.3.0.tar.gz'
Content type 'application/x-gzip' length 712837 bytes (696 KB)
==================================================
downloaded 696 KB

trying URL 'https://cloud.r-project.org/src/contrib/RSelenium_1.7.7.tar.gz'
Content type 'application/x-gzip' length 3204996 bytes (3.1 MB)
==================================================
downloaded 3.1 MB

trying URL 'https://cloud.r-project.org/src/contrib/googledrive_1.0.1.tar.gz'
Content type 'application/x-gzip' length 1808539 bytes (1.7 MB)
==================================================
downloaded 1.7 MB

* installing *source* package ‘rvest’ ...
** package ‘rvest’ successfully unpacked and MD5 sums checked
** using staged installation
** R
** demo
** inst
** byte-compile and prepare package for lazy loading
** help
*** installing help indices
*** copying figures
** building package indices
** installing vignettes
** testing if installed package can be loaded from temporary location
** testing if installed package can be loaded from final location
** testing if installed package keeps a record of temporary installation path
* DONE (rvest)
* installing *source* package ‘RSelenium’ ...
** package ‘RSelenium’ successfully unpacked and MD5 sums checked
** using staged installation
** R
** demo
** inst
** byte-compile and prepare package for lazy loading
** help
*** installing help indices
** building package indices
** installing vignettes
** testing if installed package can be loaded from temporary location
** testing if installed package can be loaded from final location
** testing if installed package keeps a record of temporary installation path
* DONE (RSelenium)
* installing *source* package ‘googledrive’ ...
** package ‘googledrive’ successfully unpacked and MD5 sums checked
** using staged installation
** R
** inst
** byte-compile and prepare package for lazy loading
** help
*** installing help indices
*** copying figures
** building package indices
** installing vignettes
** testing if installed package can be loaded from temporary location
** testing if installed package can be loaded from final location
** testing if installed package keeps a record of temporary installation path
* DONE (googledrive)
* installing *source* package ‘tidyverse’ ...
** package ‘tidyverse’ successfully unpacked and MD5 sums checked
** using staged installation
** R
** inst
** byte-compile and prepare package for lazy loading
** help
*** installing help indices
*** copying figures
** building package indices
** installing vignettes
** testing if installed package can be loaded from temporary location
** testing if installed package can be loaded from final location
** testing if installed package keeps a record of temporary installation path
* DONE (tidyverse)

The downloaded source packages are in
	‘/tmp/RtmpdjbmtX/downloaded_packages’
Downloading GitHub repo tidyverse/googlesheets4@master
jsonlite (1.6.1 -> 1.7.0) [CRAN]
Installing 1 packages: jsonlite
Installing package into ‘/home/cujo253/R/x86_64-pc-linux-gnu-library/3.6’
(as ‘lib’ is unspecified)
trying URL 'https://cloud.r-project.org/src/contrib/jsonlite_1.7.0.tar.gz'
Content type 'application/x-gzip' length 1057524 bytes (1.0 MB)
==================================================
downloaded 1.0 MB

* installing *source* package ‘jsonlite’ ...
** package ‘jsonlite’ successfully unpacked and MD5 sums checked
ERROR: cannot remove earlier installation, is it in use?
* removing ‘/home/cujo253/R/x86_64-pc-linux-gnu-library/3.6/jsonlite’
Error: Failed to install 'googlesheets4' from GitHub:
  (converted from warning) installation of package ‘jsonlite’ had non-zero exit status
Execution halted
